# JRE version: OpenJDK Runtime Environment Temurin-21.0.3+9 (21.0.3+9) (build 21.0.3+9-LTS)
# Java VM: OpenJDK 64-Bit Server VM Temurin-21.0.3+9 (21.0.3+9-LTS, mixed mode, sharing, tiered, compressed oops, compressed class ptrs, g1 gc, windows-amd64)
GC Precious Log:
 CardTable entry size: 512
 Card Set container configuration: InlinePtr #cards 5 size 8 Array Of Cards #cards 12 size 40 Howl #buckets 4 coarsen threshold 1843 Howl Bitmap #cards 512 size 80 coarsen threshold 460 Card regions per heap region 1 cards per card region 2048
 CPUs: 8 total, 8 available
 Memory: 8064M
 Large Page Support: Disabled
 NUMA Support: Disabled
 Compressed Oops: Enabled (32-bit)
 Heap Region Size: 1M
 Heap Min Capacity: 8M
 Heap Initial Capacity: 8M
 Heap Max Capacity: 2018M
 Pre-touch: Disabled
 Parallel Workers: 8
 Concurrent Workers: 2
 Concurrent Refinement Workers: 8
 Periodic GC: Disabled
Heap:
 garbage-first heap   total 11264K, used 4745K [0x0000000081e00000, 0x0000000100000000)
  region size 1024K, 1 young (1024K), 1 survivors (1024K)
 Metaspace       used 8646K, committed 8832K, reserved 1114112K
  class space    used 982K, committed 1088K, reserved 1048576K
GC Heap History (17 events):
Event: 0.158 GC heap before
{Heap before GC invocations=0 (full 0):
 garbage-first heap   total 8192K, used 2048K [0x0000000081e00000, 0x0000000100000000)
  region size 1024K, 3 young (3072K), 0 survivors (0K)
 Metaspace       used 2625K, committed 2752K, reserved 1114112K
  class space    used 341K, committed 384K, reserved 1048576K
}
Event: 0.160 GC heap after
{Heap after GC invocations=1 (full 0):
 garbage-first heap   total 8192K, used 1280K [0x0000000081e00000, 0x0000000100000000)
  region size 1024K, 1 young (1024K), 1 survivors (1024K)
 Metaspace       used 2625K, committed 2752K, reserved 1114112K
  class space    used 341K, committed 384K, reserved 1048576K
}
Event: 0.240 GC heap before
{Heap before GC invocations=1 (full 0):
 garbage-first heap   total 8192K, used 1280K [0x0000000081e00000, 0x0000000100000000)
  region size 1024K, 2 young (2048K), 1 survivors (1024K)
 Metaspace       used 5456K, committed 5632K, reserved 1114112K
  class space    used 658K, committed 704K, reserved 1048576K
}
Event: 0.243 GC heap after
{Heap after GC invocations=2 (full 0):
 garbage-first heap   total 8192K, used 1806K [0x0000000081e00000, 0x0000000100000000)
  region size 1024K, 1 young (1024K), 1 survivors (1024K)
 Metaspace       used 5456K, committed 5632K, reserved 1114112K
  class space    used 658K, committed 704K, reserved 1048576K
}
Event: 0.298 GC heap before
{Heap before GC invocations=2 (full 0):
 garbage-first heap   total 8192K, used 2830K [0x0000000081e00000, 0x0000000100000000)
  region size 1024K, 2 young (2048K), 1 survivors (1024K)
 Metaspace       used 7171K, committed 7296K, reserved 1114112K
  class space    used 841K, committed 896K, reserved 1048576K
}
Event: 0.299 GC heap after
{Heap after GC invocations=3 (full 0):
 garbage-first heap   total 8192K, used 2205K [0x0000000081e00000, 0x0000000100000000)
  region size 1024K, 1 young (1024K), 1 survivors (1024K)
 Metaspace       used 7171K, committed 7296K, reserved 1114112K
  class space    used 841K, committed 896K, reserved 1048576K
}
Event: 0.339 GC heap before
{Heap before GC invocations=3 (full 0):
 garbage-first heap   total 8192K, used 3229K [0x0000000081e00000, 0x0000000100000000)
  region size 1024K, 2 young (2048K), 1 survivors (1024K)
 Metaspace       used 7914K, committed 8128K, reserved 1114112K
  class space    used 896K, committed 1024K, reserved 1048576K
}
Event: 0.341 GC heap after
{Heap after GC invocations=4 (full 0):
 garbage-first heap   total 8192K, used 2584K [0x0000000081e00000, 0x0000000100000000)
  region size 1024K, 1 young (1024K), 1 survivors (1024K)
 Metaspace       used 7914K, committed 8128K, reserved 1114112K
  class space    used 896K, committed 1024K, reserved 1048576K
}
Event: 0.383 GC heap before
{Heap before GC invocations=4 (full 0):
 garbage-first heap   total 8192K, used 4632K [0x0000000081e00000, 0x0000000100000000)
  region size 1024K, 3 young (3072K), 1 survivors (1024K)
 Metaspace       used 8219K, committed 8384K, reserved 1114112K
  class space    used 939K, committed 1024K, reserved 1048576K
}
Event: 0.386 GC heap after
{Heap after GC invocations=5 (full 0):
 garbage-first heap   total 11264K, used 3166K [0x0000000081e00000, 0x0000000100000000)
  region size 1024K, 1 young (1024K), 1 survivors (1024K)
 Metaspace       used 8219K, committed 8384K, reserved 1114112K
  class space    used 939K, committed 1024K, reserved 1048576K
}
Event: 0.423 GC heap before
{Heap before GC invocations=5 (full 0):
 garbage-first heap   total 11264K, used 6238K [0x0000000081e00000, 0x0000000100000000)
  region size 1024K, 4 young (4096K), 1 survivors (1024K)
 Metaspace       used 8350K, committed 8576K, reserved 1114112K
  class space    used 948K, committed 1088K, reserved 1048576K
}
Event: 0.426 GC heap after
{Heap after GC invocations=6 (full 0):
 garbage-first heap   total 11264K, used 3573K [0x0000000081e00000, 0x0000000100000000)
  region size 1024K, 1 young (1024K), 1 survivors (1024K)
 Metaspace       used 8350K, committed 8576K, reserved 1114112K
  class space    used 948K, committed 1088K, reserved 1048576K
}
Event: 0.431 GC heap before
{Heap before GC invocations=6 (full 0):
 garbage-first heap   total 11264K, used 5621K [0x0000000081e00000, 0x0000000100000000)
  region size 1024K, 3 young (3072K), 1 survivors (1024K)
 Metaspace       used 8368K, committed 8640K, reserved 1114112K
  class space    used 948K, committed 1088K, reserved 1048576K
}
Event: 0.433 GC heap after
{Heap after GC invocations=7 (full 0):
 garbage-first heap   total 11264K, used 3876K [0x0000000081e00000, 0x0000000100000000)
  region size 1024K, 1 young (1024K), 1 survivors (1024K)
 Metaspace       used 8368K, committed 8640K, reserved 1114112K
  class space    used 948K, committed 1088K, reserved 1048576K
}
Event: 0.439 GC heap before
{Heap before GC invocations=7 (full 0):
 garbage-first heap   total 11264K, used 6948K [0x0000000081e00000, 0x0000000100000000)
  region size 1024K, 4 young (4096K), 1 survivors (1024K)
 Metaspace       used 8378K, committed 8640K, reserved 1114112K
  class space    used 948K, committed 1088K, reserved 1048576K
}
Event: 0.441 GC heap after
{Heap after GC invocations=8 (full 0):
 garbage-first heap   total 11264K, used 4180K [0x0000000081e00000, 0x0000000100000000)
  region size 1024K, 1 young (1024K), 1 survivors (1024K)
 Metaspace       used 8378K, committed 8640K, reserved 1114112K
  class space    used 948K, committed 1088K, reserved 1048576K
}
Event: 0.495 GC heap before
{Heap before GC invocations=8 (full 0):
 garbage-first heap   total 11264K, used 7252K [0x0000000081e00000, 0x0000000100000000)
  region size 1024K, 4 young (4096K), 1 survivors (1024K)
 Metaspace       used 8646K, committed 8832K, reserved 1114112K
  class space    used 982K, committed 1088K, reserved 1048576K
}

